PRT1
11
21
4 0 10 (6880 608 1280 ) (-1280 608 1280 ) (-1280 608 0 ) (6880 608 0 ) 
4 0 4 (7424 608 0 ) (7680 608 0 ) (7680 608 64 ) (7424 608 64 ) 
4 0 3 (7744 608 1280 ) (6880 608 1280 ) (6880 608 64 ) (7744 608 64 ) 
4 0 2 (8576 608 0 ) (8576 608 64 ) (8256 608 64 ) (8256 608 0 ) 
4 0 1 (8576 608 64 ) (8576 608 1280 ) (7744 608 1280 ) (7744 608 64 ) 
4 1 8 (8256 -448 1280 ) (7744 -448 1280 ) (7744 -448 64 ) (8256 -448 64 ) 
4 1 7 (8576 -448 1280 ) (8256 -448 1280 ) (8256 -448 64 ) (8576 -448 64 ) 
4 1 3 (7744 608 1280 ) (7744 608 64 ) (7744 -448 64 ) (7744 -448 1280 ) 
4 1 2 (8576 -448 64 ) (8256 -448 64 ) (8256 608 64 ) (8576 608 64 ) 
4 2 7 (8576 -448 0 ) (8576 -448 64 ) (8256 -448 64 ) (8256 -448 0 ) 
4 3 10 (6880 608 1280 ) (6880 608 64 ) (6880 -448 64 ) (6880 -448 1280 ) 
4 3 8 (7744 -448 64 ) (7744 -448 1280 ) (6880 -448 1280 ) (6880 -448 64 ) 
4 3 6 (7744 -64 64 ) (7744 -448 64 ) (7360 -448 64 ) (7360 -64 64 ) 
4 3 5 (7616 -64 64 ) (7488 -64 64 ) (7488 64 64 ) (7616 64 64 ) 
4 3 4 (7424 608 64 ) (7680 608 64 ) (7680 128 64 ) (7424 128 64 ) 
4 5 6 (7616 -64 0 ) (7616 -64 64 ) (7488 -64 64 ) (7488 -64 0 ) 
4 7 9 (8256 -1312 0 ) (8256 -1792 0 ) (8256 -1792 1280 ) (8256 -1312 1280 ) 
4 7 8 (8256 -448 1280 ) (8256 -448 64 ) (8256 -1312 64 ) (8256 -1312 1280 ) 
4 8 10 (6880 -1312 64 ) (6880 -1312 1280 ) (6880 -448 1280 ) (6880 -448 64 ) 
4 8 9 (8256 -1312 64 ) (8256 -1312 1280 ) (6880 -1312 1280 ) (6880 -1312 64 ) 
4 9 10 (6880 -1792 1280 ) (6880 -1312 1280 ) (6880 -1312 0 ) (6880 -1792 0 ) 
