---- light / ericw-tools v0.18.1-32-g6660c5f ----
Raytracing backend: Embree
running with 4 threads
LoadBSPFile: 'bigbox.bsp'
BSP is version BSP2
gamedir: E:/7drl/game/
SetQ2dirFromPath: failed to find  in 'E:\7drl\game\maps\/bigbox.bsp'--- ConvertTextures ---
--- LoadEntities ---
WARNING: Not 3 values for sunlight_mangle
3 entities read, 0 are lights.
--- OptionsSummary ---
    "dirt" was set to "1" from commandline
    "dirtscale" was set to "0" from commandline
    "minlight_dirt" was set to "1" from map
    "bounce" was set to "1" from commandline
    "bouncescale" was set to "0.5" from commandline
    "sunlight" was set to "300" from map
    "sunlight_color" was set to "253 245 223" from map
    "sunlight2" was set to "150" from map
    "sunlight_dirt" was set to "1" from map
    "sunlight2_dirt" was set to "1" from map
    "sunlight_mangle" was set to "0.122788 0.122788 -0.984808" from map
Embree_TraceInit: Embree version: 2.15.0
Embree_TraceInit:
	10 sky faces
	3397 solid faces
	0 filtered faces
	0 shadow-casting skip faces
SetupLights: 0 initial lights
SetupLights: 0 after surface lights
SetupLights: 0 after jittering
using 65 suns for _sunlight2. total light: 150.000000 color: 255.000000 255.000000 255.000000
--- EstimateLightVisibility ---

Final count: 0 lights, 66 suns in use.
Colored light entities/settings detected: .lit output enabled.
--- SetupDirt ---
       48 dirtmap vectors
--- LightWorld ---
--- MakeTextureColors ---
--- MakeBounceLights ---
0....1....2....3....4....5....6....7....8....9....
--- LightThread ---
0....1....2....3....4....5....6....7....8....9....
Indirect lights: 3397 bounce lights, 0 surface lights (0 light points) in use.
Lighting Completed.

lightdatasize: 734177
Writing bigbox.lit
0 switchable light styles (32 max)
Writing bigbox.bsp as BSP version BSP2
11.920 seconds elapsed

stats:
0.000000 lights tested, 0.000000 hits per sample point
0.000000 surface lights tested, 0.000000 hits per sample point
37.496710 bounce lights tested, 37.318424 hits per sample point
0 empty lightmaps
